<?xml version="1.0" encoding="UTF-8"?>
<!-- Generated by org.testng.reporters.JUnitReportReporter -->
<testsuite skipped="0" hostname="Afsar-PC" name="com.assignment.makemytrip.MMTFlightBooking" tests="2" failures="0" timestamp="24 Sep 2017 13:35:57 GMT" time="34.624" errors="0">
  <testcase name="coverfox_Validation" time="4.617" classname="com.assignment.makemytrip.MMTFlightBooking"/>
  <testcase name="FlighSearch" time="30.007" classname="com.assignment.makemytrip.MMTFlightBooking"/>
</testsuite> <!-- com.assignment.makemytrip.MMTFlightBooking -->
